<?xml version="1.0" encoding="UTF-8"?>
<testng-results ignored="0" total="3" passed="3" failed="0" skipped="0">
  <reporter-output>
  </reporter-output>
  <suite started-at="2025-12-26T23:38:41 IST" name="Default suite" finished-at="2025-12-26T23:39:02 IST" duration-ms="20433">
    <groups>
    </groups>
    <test started-at="2025-12-26T23:38:41 IST" name="Default test" finished-at="2025-12-26T23:39:02 IST" duration-ms="20433">
      <class name="textCases.Elsalvador.BIBI_5014">
        <test-method is-config="true" signature="setup()[pri:0, instance:textCases.Elsalvador.BIBI_5014@11c9af63]" started-at="2025-12-26T23:38:36 IST" name="setup" finished-at="2025-12-26T23:38:41 IST" duration-ms="5325" status="PASS">
          <reporter-output>
          </reporter-output>
        </test-method> <!-- setup -->
        <test-method signature="verifyLogin()[pri:1, instance:textCases.Elsalvador.BIBI_5014@11c9af63]" started-at="2025-12-26T23:38:41 IST" name="verifyLogin" finished-at="2025-12-26T23:38:43 IST" duration-ms="1702" status="PASS">
          <reporter-output>
          </reporter-output>
        </test-method> <!-- verifyLogin -->
        <test-method signature="VerifyRtMasterMenu()[pri:2, instance:textCases.Elsalvador.BIBI_5014@11c9af63]" started-at="2025-12-26T23:38:43 IST" name="VerifyRtMasterMenu" finished-at="2025-12-26T23:38:47 IST" depends-on-methods="textCases.Elsalvador.BIBI_5014.verifyLogin" duration-ms="3382" status="PASS">
          <reporter-output>
          </reporter-output>
        </test-method> <!-- VerifyRtMasterMenu -->
        <test-method signature="VerifyTheRTFiscalCode()[pri:2, instance:textCases.Elsalvador.BIBI_5014@11c9af63]" started-at="2025-12-26T23:38:47 IST" name="VerifyTheRTFiscalCode" finished-at="2025-12-26T23:39:02 IST" depends-on-methods="textCases.Elsalvador.BIBI_5014.VerifyRtMasterMenu" duration-ms="15249" status="PASS">
          <reporter-output>
          </reporter-output>
        </test-method> <!-- VerifyTheRTFiscalCode -->
      </class> <!-- textCases.Elsalvador.BIBI_5014 -->
    </test> <!-- Default test -->
  </suite> <!-- Default suite -->
</testng-results>
