<?xml version="1.0" encoding="UTF-8"?>
<!-- Generated by org.testng.reporters.JUnitReportReporter -->
<testsuite hostname="LT-LZ-0217" failures="0" tests="3" name="textCases.Elsalvador.BIBI_5014" time="12.759" errors="0" timestamp="2025-12-27T23:20:58 IST" skipped="0">
  <testcase classname="textCases.Elsalvador.BIBI_5014" name="verifyLogin" time="1.690"/>
  <testcase classname="textCases.Elsalvador.BIBI_5014" name="VerifyTheRTFiscalCode" time="10.180"/>
  <testcase classname="textCases.Elsalvador.BIBI_5014" name="VerifyRtMasterMenu" time="0.889"/>
</testsuite> <!-- textCases.Elsalvador.BIBI_5014 -->
