<?xml version="1.0" encoding="UTF-8"?>
<!-- Generated by org.testng.reporters.JUnitReportReporter -->
<testsuite hostname="LT-LZ-0217" failures="0" tests="3" name="textCases.Elsalvador.BIBI_5014" time="18.582" errors="0" timestamp="2025-12-27T23:55:08 IST" skipped="0">
  <testcase classname="textCases.Elsalvador.BIBI_5014" name="verifyLogin" time="2.849"/>
  <testcase classname="textCases.Elsalvador.BIBI_5014" name="VerifyTheRTFiscalCode" time="14.327"/>
  <testcase classname="textCases.Elsalvador.BIBI_5014" name="VerifyRtMasterMenu" time="1.406"/>
</testsuite> <!-- textCases.Elsalvador.BIBI_5014 -->
