<?xml version="1.0" encoding="UTF-8"?>
<!-- Generated by org.testng.reporters.JUnitReportReporter -->
<testsuite hostname="LT-LZ-0217" failures="0" tests="3" name="textCases.BIBI_5004_Testing" time="30.409" errors="0" timestamp="2025-12-27T22:04:28 IST" skipped="0">
  <testcase classname="textCases.BIBI_5004_Testing" name="verifyLogin" time="1.617"/>
  <testcase classname="textCases.BIBI_5004_Testing" name="verifyActivityField" time="0.522"/>
  <testcase classname="textCases.BIBI_5004_Testing" name="SCActivityCode" time="28.270"/>
</testsuite> <!-- textCases.BIBI_5004_Testing -->
