<?xml version="1.0" encoding="UTF-8"?>
<!-- Generated by org.testng.reporters.JUnitReportReporter -->
<testsuite hostname="LT-LZ-0217" failures="0" tests="3" name="textCases.BIBI_5004_Testing" time="69.744" errors="0" timestamp="2025-12-24T23:58:06 IST" skipped="0">
  <testcase classname="textCases.BIBI_5004_Testing" name="verifyLogin" time="4.461"/>
  <testcase classname="textCases.BIBI_5004_Testing" name="verifyActivityField" time="1.769"/>
  <testcase classname="textCases.BIBI_5004_Testing" name="SCActivityCode" time="63.514"/>
</testsuite> <!-- textCases.BIBI_5004_Testing -->
